#
# A fatal error has been detected by the Java Runtime Environment:
#
#  SIGSEGV (0xb) at pc=0xb70583d6, pid=14699, tid=1960250224
#
# JRE version: 6.0_20-b20
# Java VM: OpenJDK Server VM (19.0-b09 mixed mode linux-x86 )
# Derivative: IcedTea6 1.9.8
# Distribution: Ubuntu 10.04.1 LTS, package 6b20-1.9.8-0ubuntu1~10.04.1
# Problematic frame:
# V  [libjvm.so+0x5353d6]
#
# If you would like to submit a bug report, please include
# instructions how to reproduce the bug and visit:
#   https://bugs.launchpad.net/ubuntu/+source/openjdk-6/
#

---------------  T H R E A D  ---------------

Current thread (0x74f9c000):  VMThread [stack: 0x74cf0000,0x74d71000] [id=14711]

siginfo:si_signo=SIGSEGV: si_errno=0, si_code=1 (SEGV_MAPERR), si_addr=0x0019000d

Registers:
EAX=0x7524fb55, EBX=0xb722dff4, ECX=0x00000076, EDX=0x00190009
ESP=0x74d6f600, EBP=0x74d6f638, ESI=0x75b0add8, EDI=0x75b0aee0
EIP=0xb70583d6, CR2=0x0019000d, EFLAGS=0x00010206

Register to memory mapping:

EAX=0x7524fb55
0x7524fb55 is pointing to unknown location

EBX=0xb722dff4
0xb722dff4: <offset 0x70aff4> in /usr/lib/jvm/java-6-openjdk/jre/lib/i386/server/libjvm.so at 0xb6b23000

ECX=0x00000076
0x00000076 is pointing to unknown location

EDX=0x00190009
0x00190009 is pointing to unknown location

ESP=0x74d6f600
0x74d6f600 is pointing to unknown location

EBP=0x74d6f638
0x74d6f638 is pointing to unknown location

ESI=0x75b0add8

[error occurred during error reporting (printing registers, top of stack, instructions near pc), id 0xb]

Stack: [0x74cf0000,0x74d71000],  sp=0x74d6f600,  free space=509k
Native frames: (J=compiled Java code, j=interpreted, Vv=VM code, C=native code)
V  [libjvm.so+0x5353d6]
V  [libjvm.so+0x4ede48]
V  [libjvm.so+0x16bf09]
V  [libjvm.so+0x32a570]
V  [libjvm.so+0x32bb5f]
V  [libjvm.so+0x51562b]
V  [libjvm.so+0x5157a8]
V  [libjvm.so+0x5159de]
V  [libjvm.so+0x515bb2]
V  [libjvm.so+0x35c05a]
V  [libjvm.so+0x4efc0f]
V  [libjvm.so+0x2f74a9]
V  [libjvm.so+0x2f76d9]
V  [libjvm.so+0x60c5e7]
V  [libjvm.so+0x60c7a4]
V  [libjvm.so+0x561a5e]
V  [libjvm.so+0x5627b8]
V  [libjvm.so+0x56fe25]
V  [libjvm.so+0x535768]
V  [libjvm.so+0x64afe0]
V  [libjvm.so+0x651a51]
V  [libjvm.so+0x65056a]
V  [libjvm.so+0x650b8c]
V  [libjvm.so+0x650ec1]
V  [libjvm.so+0x51fcf1]
C  [libpthread.so.0+0x596e]

JavaThread 0x742e3c00 (nid = 14819) was being processed
Java frames: (J=compiled Java code, j=interpreted, Vv=VM code)

[error occurred during error reporting (printing target Java thread stack), id 0xb]

VM_Operation (0x72cb1af4): ParallelGCFailedAllocation, mode: safepoint, requested by thread 0x09541c00


---------------  P R O C E S S  ---------------

Java Threads: ( => current thread )
  0x095b0000 
[error occurred during error reporting (printing all threads), id 0xb]

VM state:at safepoint (normal execution)

VM Mutex/Monitor currently owned by a thread:  ([mutex/lock_event])
[0x094c0808] Threads_lock - owner thread: 0x74f9c000
[0x094c0c18] Heap_lock - owner thread: 0x09541c00

Heap
 PSYoungGen      total 3968K, used 861K [0xa1700000, 0xa1bf0000, 0xb37a0000)
  eden space 3008K, 0% used [0xa1700000,0xa1700000,0xa19f0000)
  from space 960K, 89% used [0xa19f0000,0xa1ac7788,0xa1ae0000)
  to   space 1024K, 0% used [0xa1af0000,0xa1af0000,0xa1bf0000)
 PSOldGen        total 22464K, used 22278K [0x7d5a0000, 0x7eb90000, 0xa1700000)
  object space 22464K, 99% used [0x7d5a0000,0x7eb61ad8,0x7eb90000)
 PSPermGen       total 26880K, used 12305K [0x755a0000, 0x76fe0000, 0x7d5a0000)
  object space 26880K, 45% used [0x755a0000,0x761a4770,0x76fe0000)

Dynamic libraries:
08048000-08051000 r-xp 00000000 08:01 2890583    /usr/lib/jvm/java-6-openjdk/jre/bin/java
08051000-08052000 r-xp 00008000 08:01 2890583    /usr/lib/jvm/java-6-openjdk/jre/bin/java
08052000-08053000 rwxp 00009000 08:01 2890583    /usr/lib/jvm/java-6-openjdk/jre/bin/java
094b4000-09c81000 rwxp 00000000 00:00 0          [heap]
71500000-71600000 rwxp 00000000 00:00 0 
71700000-718e8000 rwxp 00000000 00:00 0 
718e8000-71900000 ---p 00000000 00:00 0 
71900000-71a00000 rwxp 00000000 00:00 0 
71d00000-71dfb000 rwxp 00000000 00:00 0 
71dfb000-71e00000 ---p 00000000 00:00 0 
71e00000-71efd000 rwxp 00000000 00:00 0 
71efd000-71f00000 ---p 00000000 00:00 0 
71f00000-71ffd000 rwxp 00000000 00:00 0 
71ffd000-72000000 ---p 00000000 00:00 0 
72000000-72100000 rwxp 00000000 00:00 0 
72100000-72200000 rwxp 00000000 00:00 0 
72200000-722fb000 rwxp 00000000 00:00 0 
722fb000-72300000 ---p 00000000 00:00 0 
72400000-724e2000 rwxp 00000000 00:00 0 
724e2000-72500000 ---p 00000000 00:00 0 
72500000-725f7000 rwxp 00000000 00:00 0 
725f7000-72600000 ---p 00000000 00:00 0 
72700000-728f1000 rwxp 00000000 00:00 0 
728f1000-72900000 ---p 00000000 00:00 0 
72900000-72a00000 rwxp 00000000 00:00 0 
72a0d000-72a10000 ---p 00000000 00:00 0 
72a10000-72a5e000 rwxp 00000000 00:00 0 
72a5e000-72a61000 ---p 00000000 00:00 0 
72a61000-72aaf000 rwxp 00000000 00:00 0 
72aaf000-72ab2000 ---p 00000000 00:00 0 
72ab2000-72b00000 rwxp 00000000 00:00 0 
72b00000-72bef000 rwxp 00000000 00:00 0 
72bef000-72c00000 ---p 00000000 00:00 0 
72c11000-72c14000 ---p 00000000 00:00 0 
72c14000-72c62000 rwxp 00000000 00:00 0 
72c62000-72c65000 ---p 00000000 00:00 0 
72c65000-72cb3000 rwxp 00000000 00:00 0 
72cb3000-72cb6000 ---p 00000000 00:00 0 
72cb6000-72d04000 rwxp 00000000 00:00 0 
72d04000-72d07000 ---p 00000000 00:00 0 
72d07000-72d55000 rwxp 00000000 00:00 0 
72d55000-72d58000 ---p 00000000 00:00 0 
72d58000-72da6000 rwxp 00000000 00:00 0 
72da6000-72da9000 ---p 00000000 00:00 0 
72da9000-72df7000 rwxp 00000000 00:00 0 
72df7000-72dfa000 ---p 00000000 00:00 0 
72dfa000-72e48000 rwxp 00000000 00:00 0 
72e48000-72e4b000 ---p 00000000 00:00 0 
72e4b000-72e99000 rwxp 00000000 00:00 0 
72e99000-72e9c000 ---p 00000000 00:00 0 
72e9c000-72eea000 rwxp 00000000 00:00 0 
72eea000-72eed000 ---p 00000000 00:00 0 
72eed000-72f3b000 rwxp 00000000 00:00 0 
72f3b000-72f3e000 ---p 00000000 00:00 0 
72f3e000-72f8c000 rwxp 00000000 00:00 0 
72f8c000-72f8f000 ---p 00000000 00:00 0 
72f8f000-72fdd000 rwxp 00000000 00:00 0 
72fdd000-72fe0000 ---p 00000000 00:00 0 
72fe0000-7302e000 rwxp 00000000 00:00 0 
7302e000-73031000 ---p 00000000 00:00 0 
73031000-7307f000 rwxp 00000000 00:00 0 
7307f000-73082000 ---p 00000000 00:00 0 
73082000-730d0000 rwxp 00000000 00:00 0 
730d0000-730d3000 ---p 00000000 00:00 0 
730d3000-73121000 rwxp 00000000 00:00 0 
73121000-73124000 ---p 00000000 00:00 0 
73124000-73172000 rwxp 00000000 00:00 0 
73172000-73175000 ---p 00000000 00:00 0 
73175000-731c3000 rwxp 00000000 00:00 0 
731c3000-731c6000 ---p 00000000 00:00 0 
731c6000-73214000 rwxp 00000000 00:00 0 
73214000-73217000 ---p 00000000 00:00 0 
73217000-73265000 rwxp 00000000 00:00 0 
73265000-73268000 ---p 00000000 00:00 0 
73268000-732b6000 rwxp 00000000 00:00 0 
732b6000-732b9000 ---p 00000000 00:00 0 
732b9000-73307000 rwxp 00000000 00:00 0 
73307000-7330a000 ---p 00000000 00:00 0 
7330a000-73358000 rwxp 00000000 00:00 0 
73358000-7335b000 ---p 00000000 00:00 0 
7335b000-733a9000 rwxp 00000000 00:00 0 
733a9000-733ac000 ---p 00000000 00:00 0 
733ac000-733fa000 rwxp 00000000 00:00 0 
733fa000-733fd000 ---p 00000000 00:00 0 
733fd000-7344b000 rwxp 00000000 00:00 0 
7344b000-7344e000 ---p 00000000 00:00 0 
7344e000-7349c000 rwxp 00000000 00:00 0 
7349c000-7349f000 ---p 00000000 00:00 0 
7349f000-734ed000 rwxp 00000000 00:00 0 
734ed000-734f0000 ---p 00000000 00:00 0 
734f0000-7353e000 rwxp 00000000 00:00 0 
7353e000-73541000 ---p 00000000 00:00 0 
73541000-7358f000 rwxp 00000000 00:00 0 
7358f000-73592000 ---p 00000000 00:00 0 
73592000-735e0000 rwxp 00000000 00:00 0 
735e0000-735e3000 ---p 00000000 00:00 0 
735e3000-73631000 rwxp 00000000 00:00 0 
73631000-73634000 ---p 00000000 00:00 0 
73634000-73682000 rwxp 00000000 00:00 0 
73682000-73685000 ---p 00000000 00:00 0 
73685000-736d3000 rwxp 00000000 00:00 0 
736d3000-736d6000 ---p 00000000 00:00 0 
736d6000-73724000 rwxp 00000000 00:00 0 
73724000-73727000 ---p 00000000 00:00 0 
73727000-73775000 rwxp 00000000 00:00 0 
73775000-73778000 ---p 00000000 00:00 0 
73778000-737c6000 rwxp 00000000 00:00 0 
737c6000-737c9000 ---p 00000000 00:00 0 
737c9000-73817000 rwxp 00000000 00:00 0 
73817000-7381a000 ---p 00000000 00:00 0 
7381a000-73868000 rwxp 00000000 00:00 0 
73868000-7386b000 ---p 00000000 00:00 0 
7386b000-738b9000 rwxp 00000000 00:00 0 
738b9000-738bc000 ---p 00000000 00:00 0 
738bc000-7390a000 rwxp 00000000 00:00 0 
7390a000-7390d000 ---p 00000000 00:00 0 
7390d000-7395b000 rwxp 00000000 00:00 0 
7395b000-7395e000 ---p 00000000 00:00 0 
7395e000-739ac000 rwxp 00000000 00:00 0 
739ac000-739af000 ---p 00000000 00:00 0 
739af000-739fd000 rwxp 00000000 00:00 0 
739fd000-73a00000 ---p 00000000 00:00 0 
73a00000-73a4e000 rwxp 00000000 00:00 0 
73a4e000-73a51000 ---p 00000000 00:00 0 
73a51000-73a9f000 rwxp 00000000 00:00 0 
73a9f000-73aa2000 ---p 00000000 00:00 0 
73aa2000-73af0000 rwxp 00000000 00:00 0 
73af0000-73af3000 ---p 00000000 00:00 0 
73af3000-73b41000 rwxp 00000000 00:00 0 
73b41000-73b44000 ---p 00000000 00:00 0 
73b44000-73b92000 rwxp 00000000 00:00 0 
73b92000-73b95000 ---p 00000000 00:00 0 
73b95000-73be3000 rwxp 00000000 00:00 0 
73be3000-73be6000 ---p 00000000 00:00 0 
73be6000-73c34000 rwxp 00000000 00:00 0 
73c34000-73c37000 ---p 00000000 00:00 0 
73c37000-73c85000 rwxp 00000000 00:00 0 
73c85000-73c88000 ---p 00000000 00:00 0 
73c88000-73cd6000 rwxp 00000000 00:00 0 
73cd6000-73cd9000 ---p 00000000 00:00 0 
73cd9000-73d27000 rwxp 00000000 00:00 0 
73d27000-73d2a000 ---p 00000000 00:00 0 
73d2a000-73d78000 rwxp 00000000 00:00 0 
73d78000-73d7b000 ---p 00000000 00:00 0 
73d7b000-73dc9000 rwxp 00000000 00:00 0 
73dc9000-73dcc000 ---p 00000000 00:00 0 
73dcc000-73e1a000 rwxp 00000000 00:00 0 
73e1a000-73e1d000 ---p 00000000 00:00 0 
73e1d000-73e6b000 rwxp 00000000 00:00 0 
73e6b000-73e6e000 ---p 00000000 00:00 0 
73e6e000-73ebc000 rwxp 00000000 00:00 0 
73ebc000-73ebf000 ---p 00000000 00:00 0 
73ebf000-73f0d000 rwxp 00000000 00:00 0 
73f0d000-73f10000 ---p 00000000 00:00 0 
73f10000-73f5e000 rwxp 00000000 00:00 0 
73f5e000-73f61000 ---p 00000000 00:00 0 
73f61000-73faf000 rwxp 00000000 00:00 0 
73faf000-73fb2000 ---p 00000000 00:00 0 
73fb2000-74000000 rwxp 00000000 00:00 0 
74000000-740fe000 rwxp 00000000 00:00 0 
740fe000-74100000 ---p 00000000 00:00 0 
7410d000-74110000 ---p 00000000 00:00 0 
74110000-7415e000 rwxp 00000000 00:00 0 
7415e000-74161000 ---p 00000000 00:00 0 
74161000-741af000 rwxp 00000000 00:00 0 
741af000-741b2000 ---p 00000000 00:00 0 
741b2000-74200000 rwxp 00000000 00:00 0 
74200000-742fb000 rwxp 00000000 00:00 0 
742fb000-74300000 ---p 00000000 00:00 0 
7430d000-74310000 ---p 00000000 00:00 0 
74310000-7435e000 rwxp 00000000 00:00 0 
7435e000-74361000 ---p 00000000 00:00 0 
74361000-743af000 rwxp 00000000 00:00 0 
743af000-743b2000 ---p 00000000 00:00 0 
743b2000-74400000 rwxp 00000000 00:00 0 
74400000-744fe000 rwxp 00000000 00:00 0 
744fe000-74500000 ---p 00000000 00:00 0 
74539000-7453a000 r-xp 00000000 08:01 2888045    /usr/lib/jvm/java-6-openjdk/jre/lib/i386/libjaas_unix.so
7453a000-7453b000 r-xp 00000000 08:01 2888045    /usr/lib/jvm/java-6-openjdk/jre/lib/i386/libjaas_unix.so
7453b000-7453c000 rwxp 00001000 08:01 2888045    /usr/lib/jvm/java-6-openjdk/jre/lib/i386/libjaas_unix.so
7453c000-74543000 r-xp 00000000 08:01 2888269    /usr/lib/jvm/java-6-openjdk/jre/lib/i386/libnio.so
74543000-74544000 r-xp 00006000 08:01 2888269    /usr/lib/jvm/java-6-openjdk/jre/lib/i386/libnio.so
74544000-74545000 rwxp 00007000 08:01 2888269    /usr/lib/jvm/java-6-openjdk/jre/lib/i386/libnio.so
74545000-7454b000 r-xp 00000000 08:01 2888243    /usr/lib/jvm/java-6-openjdk/jre/lib/i386/libmanagement.so
7454b000-7454c000 r-xp 00005000 08:01 2888243    /usr/lib/jvm/java-6-openjdk/jre/lib/i386/libmanagement.so
7454c000-7454d000 rwxp 00006000 08:01 2888243    /usr/lib/jvm/java-6-openjdk/jre/lib/i386/libmanagement.so
7454d000-74550000 ---p 00000000 00:00 0 
74550000-7459e000 rwxp 00000000 00:00 0 
7459e000-745b2000 r-xp 00000000 08:01 2888261    /usr/lib/jvm/java-6-openjdk/jre/lib/i386/libnet.so
745b2000-745b3000 r-xp 00013000 08:01 2888261    /usr/lib/jvm/java-6-openjdk/jre/lib/i386/libnet.so
745b3000-745b4000 rwxp 00014000 08:01 2888261    /usr/lib/jvm/java-6-openjdk/jre/lib/i386/libnet.so
745b4000-745b5000 r-xs 00002000 08:01 2629615    /home/jiwan/.m2/repository/com/intellij/annotations/8.0/annotations-8.0.jar
745b5000-745c4000 r-xs 000b1000 08:01 1578247    /home/jiwan/.m2/repository/org/jboss/netty/netty/3.2.1.Final/netty-3.2.1.Final.jar
745c4000-745c7000 r-xs 00013000 08:01 2228612    /home/jiwan/.m2/repository/org/acplt/oncrpc/1.0.7/oncrpc-1.0.7.jar
745c7000-745c9000 r-xs 00006000 08:01 2374034    /home/jiwan/.m2/repository/org/softee/pojo-mbean/1.1/pojo-mbean-1.1.jar
745c9000-745d0000 r-xs 0007e000 08:01 2099563    /home/jiwan/.m2/repository/org/hamcrest/hamcrest-all/1.1/hamcrest-all-1.1.jar
745d0000-745d7000 r-xs 0009f000 08:01 2231845    /home/jiwan/.m2/repository/jdbc/mysql/mysql-connector/5.1.5/mysql-connector-5.1.5.jar
745d7000-745dd000 r-xs 00048000 08:01 2627926    /home/jiwan/.m2/repository/com/sun/tools/btrace/btrace-client/1.2/btrace-client-1.2.jar
745dd000-745e2000 r-xs 0002d000 08:01 2636358    /home/jiwan/.m2/repository/com/googlecode/hs4j/hs4j/0.1/hs4j-0.1.jar
745e2000-745e4000 r-xs 00002000 08:01 2624380    /home/jiwan/.m2/repository/org/apache/ant/ant-launcher/1.8.1/ant-launcher-1.8.1.jar
745e4000-745fb000 r-xs 0015b000 08:01 2624379    /home/jiwan/.m2/repository/org/apache/ant/ant/1.8.1/ant-1.8.1.jar
745fb000-745fc000 r-xs 00002000 08:01 2629107    /home/jiwan/.m2/repository/org/slf4j/slf4j-log4j12/1.5.11/slf4j-log4j12-1.5.11.jar
745fc000-74600000 r-xs 0007c000 08:01 2885881    /usr/lib/jvm/java-6-openjdk/jre/lib/jsse.jar
74600000-746ff000 rwxp 00000000 00:00 0 
746ff000-74700000 ---p 00000000 00:00 0 
74702000-74703000 r-xs 00005000 08:01 2629106    /home/jiwan/.m2/repository/org/slf4j/slf4j-api/1.5.11/slf4j-api-1.5.11.jar
74703000-74709000 r-xs 00034000 08:01 2109651    /home/jiwan/.m2/repository/junit/junit/4.8/junit-4.8.jar
74709000-74710000 r-xs 00059000 08:01 2371933    /home/jiwan/.m2/repository/log4j/log4j/1.2.15/log4j-1.2.15.jar
74710000-74712000 r-xs 00003000 08:01 2229554    /home/jiwan/.m2/repository/commons-daemon/commons-daemon/1.0.3/commons-daemon-1.0.3.jar
74712000-74714000 r-xs 0000c000 08:01 2753542    /home/jiwan/.m2/repository/commons-logging/commons-logging/1.1.1/commons-logging-1.1.1.jar
74714000-74719000 r-xs 00040000 08:01 2109197    /home/jiwan/.m2/repository/commons-lang/commons-lang/2.5/commons-lang-2.5.jar
74719000-74727000 r-xs 0008f000 08:01 2629117    /home/jiwan/.m2/repository/com/google/collections/google-collections/1.0/google-collections-1.0.jar
74727000-74728000 r-xs 00003000 08:01 2099529    /home/jiwan/.m2/repository/xmlenc/xmlenc/0.52/xmlenc-0.52.jar
74728000-7472a000 r-xs 00011000 08:01 2231167    /home/jiwan/.m2/repository/tomcat/jasper-runtime/5.5.23/jasper-runtime-5.5.23.jar
7472a000-7472f000 r-xs 0005f000 08:01 2231166    /home/jiwan/.m2/repository/tomcat/jasper-compiler/5.5.23/jasper-compiler-5.5.23.jar
7472f000-74731000 r-xs 00018000 08:01 1586182    /home/jiwan/.m2/repository/javax/servlet/servlet-api/2.5/servlet-api-2.5.jar
74731000-74734000 r-xs 00016000 08:01 1586190    /home/jiwan/.m2/repository/javax/servlet/jsp/jsp-api/2.1/jsp-api-2.1.jar
74734000-74735000 r-xs 00002000 08:01 1328720    /home/jiwan/.m2/repository/net/sf/kosmosfs/kfs/0.3/kfs-0.3.jar
74735000-7473a000 r-xs 00018000 08:01 2229508    /home/jiwan/.m2/repository/org/aspectj/aspectjrt/1.6.5/aspectjrt-1.6.5.jar
7473a000-74746000 r-xs 0008c000 08:01 2110215    /home/jiwan/.m2/repository/org/codehaus/jackson/jackson-mapper-asl/1.7.1/jackson-mapper-asl-1.7.1.jar
74746000-74748000 r-xs 0000e000 08:01 2628271    /home/jiwan/.m2/repository/oro/oro/2.0.8/oro-2.0.8.jar
74748000-7476b000 r-xs 00344000 08:01 2099559    /home/jiwan/.m2/repository/org/eclipse/jdt/core/3.1.1/core-3.1.1.jar
7476b000-74773000 r-xs 00096000 08:01 1842938    /home/jiwan/.m2/repository/hsqldb/hsqldb/1.8.0.7/hsqldb-1.8.0.7.jar
74773000-74777000 r-xs 0002f000 08:01 2636392    /home/jiwan/.m2/repository/commons-beanutils/commons-beanutils-core/1.8.0/commons-beanutils-core-1.8.0.jar
74777000-7477c000 r-xs 0002a000 08:01 2625131    /home/jiwan/.m2/repository/commons-beanutils/commons-beanutils/1.7.0/commons-beanutils-1.7.0.jar
7477c000-74780000 r-xs 00020000 08:01 2636391    /home/jiwan/.m2/repository/commons-digester/commons-digester/1.8/commons-digester-1.8.jar
74780000-74786000 r-xs 00043000 08:01 2109710    /home/jiwan/.m2/repository/commons-configuration/commons-configuration/1.6/commons-configuration-1.6.jar
74786000-74794000 r-xs 0007f000 08:01 2636390    /home/jiwan/.m2/repository/commons-collections/commons-collections/3.2.1/commons-collections-3.2.1.jar
74794000-74799000 r-xs 0004a000 08:01 2752774    /home/jiwan/.m2/repository/net/java/dev/jets3t/jets3t/0.6.1/jets3t-0.6.1.jar
74799000-7479a000 r-xs 0000a000 08:01 2629104    /home/jiwan/.m2/repository/commons-logging/commons-logging-api/1.1/commons-logging-api-1.1.jar
7479a000-7479d000 r-xs 00019000 08:01 1706413    /home/jiwan/.m2/repository/commons-el/commons-el/1.0/commons-el-1.0.jar
7479d000-747ae000 r-xs 00099000 08:01 2629103    /home/jiwan/.m2/repository/com/sun/jersey/jersey-server/1.8/jersey-server-1.8.jar
747ae000-747af000 r-xs 00007000 08:01 2229506    /home/jiwan/.m2/repository/org/codehaus/jackson/jackson-xc/1.7.1/jackson-xc-1.7.1.jar
747af000-747b1000 r-xs 00003000 08:01 2110210    /home/jiwan/.m2/repository/org/codehaus/jackson/jackson-jaxrs/1.7.1/jackson-jaxrs-1.7.1.jar
747b1000-747b5000 r-xs 0002f000 08:01 2110208    /home/jiwan/.m2/repository/org/codehaus/jackson/jackson-core-asl/1.7.1/jackson-core-asl-1.7.1.jar
747b5000-747b7000 r-xs 0000e000 08:01 2623314    /home/jiwan/.m2/repository/javax/activation/activation/1.1/activation-1.1.jar
747b7000-747b9000 r-xs 00004000 08:01 1443585    /home/jiwan/.m2/repository/javax/xml/stream/stax-api/1.0-2/stax-api-1.0-2.jar
747b9000-747bc000 r-xs 00017000 08:01 2629099    /home/jiwan/.m2/repository/javax/xml/bind/jaxb-api/2.2.2/jaxb-api-2.2.2.jar
747bc000-747cf000 r-xs 000c7000 08:01 1842936    /home/jiwan/.m2/repository/com/sun/xml/bind/jaxb-impl/2.2.3-1/jaxb-impl-2.2.3-1.jar
747cf000-747d1000 r-xs 00005000 08:01 2623404    /home/jiwan/.m2/repository/stax/stax-api/1.0.1/stax-api-1.0.1.jar
747d1000-747d3000 r-xs 0000f000 08:01 2109204    /home/jiwan/.m2/repository/org/codehaus/jettison/jettison/1.1/jettison-1.1.jar
747d3000-747d7000 r-xs 00021000 08:01 2629098    /home/jiwan/.m2/repository/com/sun/jersey/jersey-json/1.8/jersey-json-1.8.jar
747d7000-747db000 r-xs 00028000 08:01 2109734    /home/jiwan/.m2/repository/org/mortbay/jetty/jetty-util/6.1.26/jetty-util-6.1.26.jar
747db000-747e2000 r-xs 0007d000 08:01 2109711    /home/jiwan/.m2/repository/org/mortbay/jetty/jetty/6.1.26/jetty-6.1.26.jar
747e2000-747e7000 r-xs 00028000 08:01 2099524    /home/jiwan/.m2/repository/commons-net/commons-net/1.4.1/commons-net-1.4.1.jar
747e7000-747e9000 r-xs 0000d000 08:01 2753186    /home/jiwan/.m2/repository/commons-codec/commons-codec/1.4/commons-codec-1.4.jar
747e9000-747ef000 r-xs 00045000 08:01 1706448    /home/jiwan/.m2/repository/commons-httpclient/commons-httpclient/3.1/commons-httpclient-3.1.jar
747ef000-74800000 r-xs 000bb000 08:01 1458077    /home/jiwan/.m2/repository/org/apache/commons/commons-math/2.1/commons-math-2.1.jar
74800000-748f1000 rwxp 00000000 00:00 0 
748f1000-74900000 ---p 00000000 00:00 0 
74900000-74902000 r-xs 00013000 08:01 2885880    /usr/lib/jvm/java-6-openjdk/jre/lib/jce.jar
74902000-7490c000 r-xs 00066000 08:01 2629097    /home/jiwan/.m2/repository/com/sun/jersey/jersey-core/1.8/jersey-core-1.8.jar
7490c000-74928000 r-xs 0010e000 08:01 2105174    /home/jiwan/.m2/repository/org/apache/hadoop/guava/1.0/guava-1.0.jar
74928000-7492a000 r-xs 00009000 08:01 2099526    /home/jiwan/.m2/repository/commons-cli/commons-cli/1.2/commons-cli-1.2.jar
7492a000-7492b000 ---p 00000000 00:00 0 
7492b000-749ab000 rwxp 00000000 00:00 0 
749ab000-749ae000 ---p 00000000 00:00 0 
749ae000-749fc000 rwxp 00000000 00:00 0 
749fc000-749ff000 ---p 00000000 00:00 0 
749ff000-74a7d000 rwxp 00000000 00:00 0 
74a7d000-74a80000 ---p 00000000 00:00 0 
74a80000-74afe000 rwxp 00000000 00:00 0 
74afe000-74b01000 ---p 00000000 00:00 0 
74b01000-74b4f000 rwxp 00000000 00:00 0 
74b4f000-74b52000 ---p 00000000 00:00 0 
74b52000-74ba0000 rwxp 00000000 00:00 0 
74ba0000-74ba3000 ---p 00000000 00:00 0 
74ba3000-74bf1000 rwxp 00000000 00:00 0 
74bf1000-74bfb000 r-xp 00000000 08:01 918342     /lib/tls/i686/cmov/libnss_files-2.11.1.so
74bfb000-74bfc000 r-xp 00009000 08:01 918342     /lib/tls/i686/cmov/libnss_files-2.11.1.so
74bfc000-74bfd000 rwxp 0000a000 08:01 918342     /lib/tls/i686/cmov/libnss_files-2.11.1.so
74bfd000-74c00000 ---p 00000000 00:00 0 
74c00000-74c4e000 rwxp 00000000 00:00 0 
74c4e000-74c51000 ---p 00000000 00:00 0 
74c51000-74c9f000 rwxp 00000000 00:00 0 
74c9f000-74ca2000 ---p 00000000 00:00 0 
74ca2000-74cf0000 rwxp 00000000 00:00 0 
74cf0000-74cf1000 ---p 00000000 00:00 0 
74cf1000-74d71000 rwxp 00000000 00:00 0 
74d71000-74f00000 r-xs 038c2000 08:01 2885894    /usr/lib/jvm/java-6-openjdk/jre/lib/rt.jar
74f00000-74ffe000 rwxp 00000000 00:00 0 
74ffe000-75000000 ---p 00000000 00:00 0 
75000000-75001000 r-xs 0000a000 08:01 1187628    /home/jiwan/.m2/repository/asm/asm/3.2/asm-3.2.jar
75001000-7500a000 r-xs 0008a000 08:01 2110956    /home/jiwan/.m2/repository/org/apache/zookeeper/zookeeper/3.3.3/zookeeper-3.3.3.jar
7500a000-75013000 r-xs 00065000 08:01 145225     /usr/share/java/gnome-java-bridge.jar
75013000-75016000 r-xs 0000f000 08:01 2885870    /usr/lib/jvm/java-6-openjdk/jre/lib/ext/pulse-java.jar
75016000-75049000 rwxp 00000000 00:00 0 
75049000-7504a000 ---p 00000000 00:00 0 
7504a000-750ca000 rwxp 00000000 00:00 0 
750ca000-750cb000 ---p 00000000 00:00 0 
750cb000-7514b000 rwxp 00000000 00:00 0 
7514b000-7514c000 ---p 00000000 00:00 0 
7514c000-751cc000 rwxp 00000000 00:00 0 
751cc000-751cd000 ---p 00000000 00:00 0 
751cd000-7525b000 rwxp 00000000 00:00 0 
7525b000-7528d000 rwxp 00000000 00:00 0 
7528d000-75298000 rwxp 00000000 00:00 0 
75298000-752a0000 ---p 00000000 00:00 0 
752a0000-753ae000 rwxp 00000000 00:00 0 
753ae000-753bc000 rwxp 00000000 00:00 0 
753bc000-753ee000 rwxp 00000000 00:00 0 
753ee000-753f9000 rwxp 00000000 00:00 0 
753f9000-75401000 ---p 00000000 00:00 0 
75401000-7550e000 rwxp 00000000 00:00 0 
7550e000-75512000 rwxp 00000000 00:00 0 
75512000-75519000 ---p 00000000 00:00 0 
75519000-7559f000 rwxp 00000000 00:00 0 
7559f000-76fe0000 rwxp 00000000 00:00 0 
76fe0000-770e0000 ---p 00000000 00:00 0 
770e0000-7d5a0000 rwxp 00000000 00:00 0 
7d5a0000-7eb90000 rwxp 00000000 00:00 0 
7eb90000-7f9b0000 ---p 00000000 00:00 0 
7f9b0000-a1700000 rwxp 00000000 00:00 0 
a1700000-a1bf0000 rwxp 00000000 00:00 0 
a1bf0000-a29d0000 ---p 00000000 00:00 0 
a29d0000-b37a0000 rwxp 00000000 00:00 0 
b37a0000-b37a2000 r-xs 00014000 08:01 2371934    /home/jiwan/.m2/repository/jline/jline/0.9.94/jline-0.9.94.jar
b37a2000-b37a5000 r-xp 00000000 08:01 2888038    /usr/lib/jvm/java-6-openjdk/jre/lib/i386/libdt_socket.so
b37a5000-b37a6000 r-xp 00002000 08:01 2888038    /usr/lib/jvm/java-6-openjdk/jre/lib/i386/libdt_socket.so
b37a6000-b37a7000 rwxp 00003000 08:01 2888038    /usr/lib/jvm/java-6-openjdk/jre/lib/i386/libdt_socket.so
b37a7000-b37a9000 r-xs 0001d000 08:01 2885886    /usr/lib/jvm/java-6-openjdk/jre/lib/plugin.jar
b37a9000-b37ae000 r-xs 00044000 08:01 2885885    /usr/lib/jvm/java-6-openjdk/jre/lib/netx.jar
b37ae000-b37b7000 rwxp 00000000 00:00 0 
b37b7000-b386e000 rwxp 00000000 00:00 0 
b386e000-b3aae000 rwxp 00000000 00:00 0 
b3aae000-b686e000 rwxp 00000000 00:00 0 
b686e000-b6875000 r-xp 00000000 08:01 2889630    /usr/lib/jvm/java-6-openjdk/jre/lib/i386/libzip.so
b6875000-b6876000 r-xp 00006000 08:01 2889630    /usr/lib/jvm/java-6-openjdk/jre/lib/i386/libzip.so
b6876000-b6877000 rwxp 00007000 08:01 2889630    /usr/lib/jvm/java-6-openjdk/jre/lib/i386/libzip.so
b6877000-b687f000 rwxs 00000000 08:01 1843821    /tmp/hsperfdata_jiwan/14699
b687f000-b68b4000 r-xs 00000000 08:01 2370122    /var/cache/nscd/passwd
b68b4000-b68f3000 r-xp 00000000 08:01 2891348    /usr/lib/locale/en_US.utf8/LC_CTYPE
b68f3000-b68f4000 r-xp 00000000 08:01 2891353    /usr/lib/locale/en_US.utf8/LC_NUMERIC
b68f4000-b68f5000 r-xp 00000000 08:01 2893348    /usr/lib/locale/en_US.utf8/LC_TIME
b68f5000-b6a13000 r-xp 00000000 08:01 2891347    /usr/lib/locale/en_US.utf8/LC_COLLATE
b6a13000-b6a1a000 r-xs 00000000 08:01 2890196    /usr/lib/gconv/gconv-modules.cache
b6a1a000-b6a50000 r-xp 00000000 08:01 2888049    /usr/lib/jvm/java-6-openjdk/jre/lib/i386/libjdwp.so
b6a50000-b6a51000 r-xp 00036000 08:01 2888049    /usr/lib/jvm/java-6-openjdk/jre/lib/i386/libjdwp.so
b6a51000-b6a52000 rwxp 00037000 08:01 2888049    /usr/lib/jvm/java-6-openjdk/jre/lib/i386/libjdwp.so
b6a52000-b6a65000 r-xp 00000000 08:01 918336     /lib/tls/i686/cmov/libnsl-2.11.1.so
b6a65000-b6a66000 r-xp 00012000 08:01 918336     /lib/tls/i686/cmov/libnsl-2.11.1.so
b6a66000-b6a67000 rwxp 00013000 08:01 918336     /lib/tls/i686/cmov/libnsl-2.11.1.so
b6a67000-b6a69000 rwxp 00000000 00:00 0 
b6a69000-b6a6a000 r-xp 00000000 08:01 2893349    /usr/lib/locale/en_US.utf8/LC_MONETARY
b6a6a000-b6a6b000 r-xp 00000000 08:01 2893350    /usr/lib/locale/en_US.utf8/LC_MESSAGES/SYS_LC_MESSAGES
b6a6b000-b6a6c000 r-xp 00000000 08:01 2891553    /usr/lib/locale/en_US.utf8/LC_PAPER
b6a6c000-b6a6d000 r-xp 00000000 08:01 2891391    /usr/lib/locale/en_US.utf8/LC_NAME
b6a6d000-b6a6e000 r-xp 00000000 08:01 2893351    /usr/lib/locale/en_US.utf8/LC_ADDRESS
b6a6e000-b6a71000 r-xp 00000000 08:01 2888270    /usr/lib/jvm/java-6-openjdk/jre/lib/i386/libnpt.so
b6a71000-b6a72000 r-xp 00002000 08:01 2888270    /usr/lib/jvm/java-6-openjdk/jre/lib/i386/libnpt.so
b6a72000-b6a73000 rwxp 00003000 08:01 2888270    /usr/lib/jvm/java-6-openjdk/jre/lib/i386/libnpt.so
b6a73000-b6a7a000 r-xp 00000000 08:01 2889670    /usr/lib/jvm/java-6-openjdk/jre/lib/i386/native_threads/libhpi.so
b6a7a000-b6a7b000 r-xp 00006000 08:01 2889670    /usr/lib/jvm/java-6-openjdk/jre/lib/i386/native_threads/libhpi.so
b6a7b000-b6a7c000 rwxp 00007000 08:01 2889670    /usr/lib/jvm/java-6-openjdk/jre/lib/i386/native_threads/libhpi.so
b6a7c000-b6aa0000 r-xp 00000000 08:01 2888046    /usr/lib/jvm/java-6-openjdk/jre/lib/i386/libjava.so
b6aa0000-b6aa1000 r-xp 00023000 08:01 2888046    /usr/lib/jvm/java-6-openjdk/jre/lib/i386/libjava.so
b6aa1000-b6aa3000 rwxp 00024000 08:01 2888046    /usr/lib/jvm/java-6-openjdk/jre/lib/i386/libjava.so
b6aa3000-b6aaa000 r-xp 00000000 08:01 918355     /lib/tls/i686/cmov/librt-2.11.1.so
b6aaa000-b6aab000 r-xp 00006000 08:01 918355     /lib/tls/i686/cmov/librt-2.11.1.so
b6aab000-b6aac000 rwxp 00007000 08:01 918355     /lib/tls/i686/cmov/librt-2.11.1.so
b6aac000-b6aaf000 ---p 00000000 00:00 0 
b6aaf000-b6afd000 rwxp 00000000 00:00 0 
b6afd000-b6b21000 r-xp 00000000 08:01 918333     /lib/tls/i686/cmov/libm-2.11.1.so
b6b21000-b6b22000 r-xp 00023000 08:01 918333     /lib/tls/i686/cmov/libm-2.11.1.so
b6b22000-b6b23000 rwxp 00024000 08:01 918333     /lib/tls/i686/cmov/libm-2.11.1.so
b6b23000-b71e8000 r-xp 00000000 08:01 2889672    /usr/lib/jvm/java-6-openjdk/jre/lib/i386/server/libjvm.so
b71e8000-b71e9000 ---p 006c5000 08:01 2889672    /usr/lib/jvm/java-6-openjdk/jre/lib/i386/server/libjvm.so
b71e9000-b722e000 r-xp 006c5000 08:01 2889672    /usr/lib/jvm/java-6-openjdk/jre/lib/i386/server/libjvm.so
b722e000-b723d000 rwxp 0070a000 08:01 2889672    /usr/lib/jvm/java-6-openjdk/jre/lib/i386/server/libjvm.so
b723d000-b765e000 rwxp 00000000 00:00 0 
b765e000-b77b1000 r-xp 00000000 08:01 918325     /lib/tls/i686/cmov/libc-2.11.1.so
b77b1000-b77b2000 ---p 00153000 08:01 918325     /lib/tls/i686/cmov/libc-2.11.1.so
b77b2000-b77b4000 r-xp 00153000 08:01 918325     /lib/tls/i686/cmov/libc-2.11.1.so
b77b4000-b77b5000 rwxp 00155000 08:01 918325     /lib/tls/i686/cmov/libc-2.11.1.so
b77b5000-b77b8000 rwxp 00000000 00:00 0 
b77b8000-b77ba000 r-xp 00000000 08:01 918331     /lib/tls/i686/cmov/libdl-2.11.1.so
b77ba000-b77bb000 r-xp 00001000 08:01 918331     /lib/tls/i686/cmov/libdl-2.11.1.so
b77bb000-b77bc000 rwxp 00002000 08:01 918331     /lib/tls/i686/cmov/libdl-2.11.1.so
b77bc000-b77bf000 r-xp 00000000 08:01 2887371    /usr/lib/jvm/java-6-openjdk/jre/lib/i386/jli/libjli.so
b77bf000-b77c0000 r-xp 00003000 08:01 2887371    /usr/lib/jvm/java-6-openjdk/jre/lib/i386/jli/libjli.so
b77c0000-b77c1000 rwxp 00004000 08:01 2887371    /usr/lib/jvm/java-6-openjdk/jre/lib/i386/jli/libjli.so
b77c1000-b77d6000 r-xp 00000000 08:01 918351     /lib/tls/i686/cmov/libpthread-2.11.1.so
b77d6000-b77d7000 r-xp 00014000 08:01 918351     /lib/tls/i686/cmov/libpthread-2.11.1.so
b77d7000-b77d8000 rwxp 00015000 08:01 918351     /lib/tls/i686/cmov/libpthread-2.11.1.so
b77d8000-b77da000 rwxp 00000000 00:00 0 
b77da000-b77ed000 r-xp 00000000 08:01 786630     /lib/libz.so.1.2.3.3
b77ed000-b77ee000 r-xp 00012000 08:01 786630     /lib/libz.so.1.2.3.3
b77ee000-b77ef000 rwxp 00013000 08:01 786630     /lib/libz.so.1.2.3.3
b77ef000-b77f0000 rwxp 00000000 00:00 0 
b77f0000-b77f1000 r-xp 00000000 08:01 2893352    /usr/lib/locale/en_US.utf8/LC_TELEPHONE
b77f1000-b77f2000 r-xp 00000000 08:01 2891683    /usr/lib/locale/en_US.utf8/LC_MEASUREMENT
b77f2000-b77f3000 r-xp 00000000 08:01 2893353    /usr/lib/locale/en_US.utf8/LC_IDENTIFICATION
b77f3000-b77f4000 rwxp 00000000 00:00 0 
b77f4000-b77f5000 ---p 00000000 00:00 0 
b77f5000-b7801000 r-xp 00000000 08:01 2888300    /usr/lib/jvm/java-6-openjdk/jre/lib/i386/libverify.so
b7801000-b7802000 r-xp 0000b000 08:01 2888300    /usr/lib/jvm/java-6-openjdk/jre/lib/i386/libverify.so
b7802000-b7803000 rwxp 0000c000 08:01 2888300    /usr/lib/jvm/java-6-openjdk/jre/lib/i386/libverify.so
b7803000-b7805000 rwxp 00000000 00:00 0 
b7805000-b7806000 r-xp 00000000 00:00 0          [vdso]
b7806000-b7821000 r-xp 00000000 08:01 786457     /lib/ld-2.11.1.so
b7821000-b7822000 r-xp 0001a000 08:01 786457     /lib/ld-2.11.1.so
b7822000-b7823000 rwxp 0001b000 08:01 786457     /lib/ld-2.11.1.so
bfd3f000-bfd55000 rw-p 00000000 00:00 0          [stack]

VM Arguments:
jvm_args: -agentlib:jdwp=transport=dt_socket,suspend=y,address=localhost:33293 -Dfile.encoding=UTF-8 
java_command: org.apache.hadoop.hdfs.server.namenode.NameNode -Dmysql.server.bin.path=src/main/tool/mysql-ubuntu32/bin -Ddfs.http.address=0.0.0.0:40070 -Ddistributed.manager.election.delay.time=1000 -Ddistribtued.logger.levels=com.taobao.adfs.distributed.DistributedServer=debug -Ddfs.namenode.format.confirm=false -Ddistributed.server.format.start=true -Ddistributed.server.host=127.0.0.1 -Ddistributed.server.port=40000 -Ddistributed.manager.name2=NameNodeDebug -Dheartbeat.recheck.interval=10000 -Ddfs.safemode.extension=3000 -Ddistributed.logger.levels=org.apache.hadoop.hdfs.StateChange=TRACE,org.apache.hadoop.hdfs.DFSClient=TRACE
Launcher Type: SUN_STANDARD

Environment Variables:
PATH=/usr/local/sbin:/usr/local/bin:/usr/sbin:/usr/bin:/sbin:/bin:/usr/games
USERNAME=jiwan
LD_LIBRARY_PATH=/usr/lib/jvm/java-6-openjdk/jre/lib/i386/server:/usr/lib/jvm/java-6-openjdk/jre/lib/i386:/usr/lib/jvm/java-6-openjdk/jre/../lib/i386:/media/data2/soft/MyEclipseForSpring/Common/binary/com.sun.java.jdk.linux.x86_1.6.0.013/jre/lib/i386/server:/media/data2/soft/MyEclipseForSpring/Common/binary/com.sun.java.jdk.linux.x86_1.6.0.013/jre/lib/i386:/media/data2/soft/MyEclipseForSpring/Common/binary/com.sun.java.jdk.linux.x86_1.6.0.013/jre/../lib/i386
SHELL=/bin/bash
DISPLAY=:0.0

Signal Handlers:
SIGSEGV: [libjvm.so+0x649f80], sa_mask[0]=0x7ffbfeff, sa_flags=0x10000004
SIGBUS: [libjvm.so+0x649f80], sa_mask[0]=0x7ffbfeff, sa_flags=0x10000004
SIGFPE: [libjvm.so+0x51c010], sa_mask[0]=0x7ffbfeff, sa_flags=0x10000004
SIGPIPE: [libjvm.so+0x51c010], sa_mask[0]=0x7ffbfeff, sa_flags=0x10000004
SIGXFSZ: [libjvm.so+0x51c010], sa_mask[0]=0x7ffbfeff, sa_flags=0x10000004
SIGILL: [libjvm.so+0x51c010], sa_mask[0]=0x7ffbfeff, sa_flags=0x10000004
SIGUSR1: SIG_DFL, sa_mask[0]=0x00000000, sa_flags=0x00000000
SIGUSR2: [libjvm.so+0x51b6c0], sa_mask[0]=0x00000004, sa_flags=0x10000004
SIGHUP: [libjvm.so+0x51e230], sa_mask[0]=0x7ffbfeff, sa_flags=0x10000004
SIGINT: [libjvm.so+0x51e230], sa_mask[0]=0x7ffbfeff, sa_flags=0x10000004
SIGTERM: [libjvm.so+0x51e230], sa_mask[0]=0x7ffbfeff, sa_flags=0x10000004
SIGQUIT: [libjvm.so+0x51e230], sa_mask[0]=0x7ffbfeff, sa_flags=0x10000004


---------------  S Y S T E M  ---------------

OS:Ubuntu 10.04 (lucid)
uname:Linux 2.6.32-32-generic #62-Ubuntu SMP Wed Apr 20 21:54:21 UTC 2011 i686
libc:glibc 2.11.1 NPTL 2.11.1 
rlimit: STACK 8192k, CORE 0k, NPROC infinity, NOFILE 1024, AS infinity
load average:1.03 0.95 1.08

/proc/meminfo:
MemTotal:        3539804 kB
MemFree:          129048 kB
Buffers:           11588 kB
Cached:           262748 kB
SwapCached:        37844 kB
Active:          1798408 kB
Inactive:         684412 kB
Active(anon):    1716284 kB
Inactive(anon):   613988 kB
Active(file):      82124 kB
Inactive(file):    70424 kB
Unevictable:          48 kB
Mlocked:              48 kB
HighTotal:       2685316 kB
HighFree:          16924 kB
LowTotal:         854488 kB
LowFree:          112124 kB
SwapTotal:       1023992 kB
SwapFree:         250068 kB
Dirty:               340 kB
Writeback:             0 kB
AnonPages:       2197520 kB
Mapped:           896456 kB
Shmem:            121784 kB
Slab:              46496 kB
SReclaimable:      19544 kB
SUnreclaim:        26952 kB
KernelStack:        7952 kB
PageTables:        17556 kB
NFS_Unstable:          0 kB
Bounce:                0 kB
WritebackTmp:          0 kB
CommitLimit:     2793892 kB
Committed_AS:    7304240 kB
VmallocTotal:     122880 kB
VmallocUsed:       42172 kB
VmallocChunk:      22952 kB
HardwareCorrupted:     0 kB
HugePages_Total:       0
HugePages_Free:        0
HugePages_Rsvd:        0
HugePages_Surp:        0
Hugepagesize:       4096 kB
DirectMap4k:       16376 kB
DirectMap4M:      892928 kB


CPU:total 4 (2 cores per cpu, 2 threads per core) family 6 model 37 stepping 5, cmov, cx8, fxsr, mmx, sse, sse2, sse3, ssse3, sse4.1, sse4.2, popcnt, ht

Memory: 4k page, physical 3539804k(129048k free), swap 1023992k(250068k free)

vm_info: OpenJDK Server VM (19.0-b09) for linux-x86 JRE (1.6.0_20-b20), built on Jun 14 2011 22:20:13 by "buildd" with gcc 4.4.3

time: Tue May 29 16:05:49 2012
elapsed time: 1324 seconds

